<?xml version="1.0" encoding="UTF-8"?>
<Site BuildName="(empty)"
	BuildStamp="20240703-0933-Experimental"
	Name="AW15R3"
	Generator="ctest-3.16.3"
	CompilerName="/usr/bin/c++"
	CompilerVersion="9.4.0"
	OSName="Linux"
	Hostname="AW15R3"
	OSRelease="5.15.0-107-generic"
	OSVersion="#117~20.04.1-Ubuntu SMP Tue Apr 30 10:35:57 UTC 2024"
	OSPlatform="x86_64"
	Is64Bits="1"
	VendorString="GenuineIntel"
	VendorID="Intel Corporation"
	FamilyID="6"
	ModelID="158"
	ProcessorCacheSize="8192"
	NumberOfLogicalCPU="8"
	NumberOfPhysicalCPU="4"
	TotalVirtualMemory="2047"
	TotalPhysicalMemory="31961"
	LogicalProcessorsPerPhysical="2"
	ProcessorClockFrequency="1284.09"
	>
	<Testing>
		<StartDateTime>Jul 03 18:33 JST</StartDateTime>
		<StartTestTime>1719999182</StartTestTime>
		<TestList/>
		<EndDateTime>Jul 03 18:33 JST</EndDateTime>
		<EndTestTime>1719999182</EndTestTime>
		<ElapsedMinutes>0</ElapsedMinutes>
	</Testing>
</Site>
